/usr/bin/ld.bfd: /home/hugh/.paperclip/instances/default/projects/383ed49e-8193-4717-814c-434585b89ce8/65c59b6b-89a8-4b57-8f47-4693ee406ec8/_default/build/first-link-survey-pass-43L/obj/REDALERT/DTABLE.o:(.data+0x0): multiple definition of `DiffTable'; /home/hugh/.paperclip/instances/default/projects/383ed49e-8193-4717-814c-434585b89ce8/65c59b6b-89a8-4b57-8f47-4693ee406ec8/_default/build/first-link-survey-pass-43L/obj/REDALERT/ADPCM.o:(.data+0xb20): first defined here
/usr/bin/ld.bfd: /home/hugh/.paperclip/instances/default/projects/383ed49e-8193-4717-814c-434585b89ce8/65c59b6b-89a8-4b57-8f47-4693ee406ec8/_default/build/first-link-survey-pass-43L/obj/REDALERT/ITABLE.o:(.data+0x0): multiple definition of `IndexTable'; /home/hugh/.paperclip/instances/default/projects/383ed49e-8193-4717-814c-434585b89ce8/65c59b6b-89a8-4b57-8f47-4693ee406ec8/_default/build/first-link-survey-pass-43L/obj/REDALERT/ADPCM.o:(.data+0x0): first defined here
/usr/bin/ld.bfd: /home/hugh/.paperclip/instances/default/projects/383ed49e-8193-4717-814c-434585b89ce8/65c59b6b-89a8-4b57-8f47-4693ee406ec8/_default/build/first-link-survey-pass-43L/obj/REDALERT/KEYBOARD.o: in function `WWKeyboardClass::WWKeyboardClass()':
KEYBOARD.CPP:(.text+0x9e): multiple definition of `WWKeyboardClass::WWKeyboardClass()'; /home/hugh/.paperclip/instances/default/projects/383ed49e-8193-4717-814c-434585b89ce8/65c59b6b-89a8-4b57-8f47-4693ee406ec8/_default/build/first-link-survey-pass-43L/obj/REDALERT/KEY.o:KEY.CPP:(.text+0x9e): first defined here
/usr/bin/ld.bfd: /home/hugh/.paperclip/instances/default/projects/383ed49e-8193-4717-814c-434585b89ce8/65c59b6b-89a8-4b57-8f47-4693ee406ec8/_default/build/first-link-survey-pass-43L/obj/REDALERT/KEYBOARD.o: in function `WWKeyboardClass::WWKeyboardClass()':
KEYBOARD.CPP:(.text+0x9e): multiple definition of `WWKeyboardClass::WWKeyboardClass()'; /home/hugh/.paperclip/instances/default/projects/383ed49e-8193-4717-814c-434585b89ce8/65c59b6b-89a8-4b57-8f47-4693ee406ec8/_default/build/first-link-survey-pass-43L/obj/REDALERT/KEY.o:KEY.CPP:(.text+0x9e): first defined here
/usr/bin/ld.bfd: /home/hugh/.paperclip/instances/default/projects/383ed49e-8193-4717-814c-434585b89ce8/65c59b6b-89a8-4b57-8f47-4693ee406ec8/_default/build/first-link-survey-pass-43L/obj/REDALERT/KEYBOARD.o: in function `WWKeyboardClass::Buff_Get()':
KEYBOARD.CPP:(.text+0x104): multiple definition of `WWKeyboardClass::Buff_Get()'; /home/hugh/.paperclip/instances/default/projects/383ed49e-8193-4717-814c-434585b89ce8/65c59b6b-89a8-4b57-8f47-4693ee406ec8/_default/build/first-link-survey-pass-43L/obj/REDALERT/KEY.o:KEY.CPP:(.text+0xf8): first defined here
/usr/bin/ld.bfd: /home/hugh/.paperclip/instances/default/projects/383ed49e-8193-4717-814c-434585b89ce8/65c59b6b-89a8-4b57-8f47-4693ee406ec8/_default/build/first-link-survey-pass-43L/obj/REDALERT/KEYBOARD.o: in function `WWKeyboardClass::Check() const':
KEYBOARD.CPP:(.text+0x1ac): multiple definition of `WWKeyboardClass::Check() const'; /home/hugh/.paperclip/instances/default/projects/383ed49e-8193-4717-814c-434585b89ce8/65c59b6b-89a8-4b57-8f47-4693ee406ec8/_default/build/first-link-survey-pass-43L/obj/REDALERT/KEY.o:KEY.CPP:(.text+0x1a0): first defined here
/usr/bin/ld.bfd: /home/hugh/.paperclip/instances/default/projects/383ed49e-8193-4717-814c-434585b89ce8/65c59b6b-89a8-4b57-8f47-4693ee406ec8/_default/build/first-link-survey-pass-43L/obj/REDALERT/KEYBOARD.o: in function `WWKeyboardClass::Fetch_Element()':
KEYBOARD.CPP:(.text+0x46a): multiple definition of `WWKeyboardClass::Fetch_Element()'; /home/hugh/.paperclip/instances/default/projects/383ed49e-8193-4717-814c-434585b89ce8/65c59b6b-89a8-4b57-8f47-4693ee406ec8/_default/build/first-link-survey-pass-43L/obj/REDALERT/KEY.o:KEY.CPP:(.text+0x4e8): first defined here
/usr/bin/ld.bfd: /home/hugh/.paperclip/instances/default/projects/383ed49e-8193-4717-814c-434585b89ce8/65c59b6b-89a8-4b57-8f47-4693ee406ec8/_default/build/first-link-survey-pass-43L/obj/REDALERT/KEYBOARD.o: in function `WWKeyboardClass::Is_Mouse_Key(unsigned short)':
KEYBOARD.CPP:(.text+0x178): multiple definition of `WWKeyboardClass::Is_Mouse_Key(unsigned short)'; /home/hugh/.paperclip/instances/default/projects/383ed49e-8193-4717-814c-434585b89ce8/65c59b6b-89a8-4b57-8f47-4693ee406ec8/_default/build/first-link-survey-pass-43L/obj/REDALERT/KEY.o:KEY.CPP:(.text+0x16c): first defined here
/usr/bin/ld.bfd: /home/hugh/.paperclip/instances/default/projects/383ed49e-8193-4717-814c-434585b89ce8/65c59b6b-89a8-4b57-8f47-4693ee406ec8/_default/build/first-link-survey-pass-43L/obj/REDALERT/KEYBOARD.o: in function `WWKeyboardClass::Fill_Buffer_From_System()':
KEYBOARD.CPP:(.text+0x60a): multiple definition of `WWKeyboardClass::Fill_Buffer_From_System()'; /home/hugh/.paperclip/instances/default/projects/383ed49e-8193-4717-814c-434585b89ce8/65c59b6b-89a8-4b57-8f47-4693ee406ec8/_default/build/first-link-survey-pass-43L/obj/REDALERT/KEY.o:KEY.CPP:(.text+0x688): first defined here
/usr/bin/ld.bfd: /home/hugh/.paperclip/instances/default/projects/383ed49e-8193-4717-814c-434585b89ce8/65c59b6b-89a8-4b57-8f47-4693ee406ec8/_default/build/first-link-survey-pass-43L/obj/REDALERT/KEYBOARD.o: in function `WWKeyboardClass::Is_Buffer_Empty() const':
KEYBOARD.CPP:(.text+0x5dc): multiple definition of `WWKeyboardClass::Is_Buffer_Empty() const'; /home/hugh/.paperclip/instances/default/projects/383ed49e-8193-4717-814c-434585b89ce8/65c59b6b-89a8-4b57-8f47-4693ee406ec8/_default/build/first-link-survey-pass-43L/obj/REDALERT/KEY.o:KEY.CPP:(.text+0x65a): first defined here
/usr/bin/ld.bfd: /home/hugh/.paperclip/instances/default/projects/383ed49e-8193-4717-814c-434585b89ce8/65c59b6b-89a8-4b57-8f47-4693ee406ec8/_default/build/first-link-survey-pass-43L/obj/REDALERT/KEYBOARD.o: in function `WWKeyboardClass::Peek_Element() const':
KEYBOARD.CPP:(.text+0x4da): multiple definition of `WWKeyboardClass::Peek_Element() const'; /home/hugh/.paperclip/instances/default/projects/383ed49e-8193-4717-814c-434585b89ce8/65c59b6b-89a8-4b57-8f47-4693ee406ec8/_default/build/first-link-survey-pass-43L/obj/REDALERT/KEY.o:KEY.CPP:(.text+0x558): first defined here
/usr/bin/ld.bfd: /home/hugh/.paperclip/instances/default/projects/383ed49e-8193-4717-814c-434585b89ce8/65c59b6b-89a8-4b57-8f47-4693ee406ec8/_default/build/first-link-survey-pass-43L/obj/REDALERT/KEYBOARD.o: in function `WWKeyboardClass::Get()':
KEYBOARD.CPP:(.text+0x1ea): multiple definition of `WWKeyboardClass::Get()'; /home/hugh/.paperclip/instances/default/projects/383ed49e-8193-4717-814c-434585b89ce8/65c59b6b-89a8-4b57-8f47-4693ee406ec8/_default/build/first-link-survey-pass-43L/obj/REDALERT/KEY.o:KEY.CPP:(.text+0x1de): first defined here
/usr/bin/ld.bfd: /home/hugh/.paperclip/instances/default/projects/383ed49e-8193-4717-814c-434585b89ce8/65c59b6b-89a8-4b57-8f47-4693ee406ec8/_default/build/first-link-survey-pass-43L/obj/REDALERT/KEYBOARD.o: in function `WWKeyboardClass::Put(unsigned short)':
KEYBOARD.CPP:(.text+0x21c): multiple definition of `WWKeyboardClass::Put(unsigned short)'; /home/hugh/.paperclip/instances/default/projects/383ed49e-8193-4717-814c-434585b89ce8/65c59b6b-89a8-4b57-8f47-4693ee406ec8/_default/build/first-link-survey-pass-43L/obj/REDALERT/KEY.o:KEY.CPP:(.text+0x210): first defined here
/usr/bin/ld.bfd: /home/hugh/.paperclip/instances/default/projects/383ed49e-8193-4717-814c-434585b89ce8/65c59b6b-89a8-4b57-8f47-4693ee406ec8/_default/build/first-link-survey-pass-43L/obj/REDALERT/KEYBOARD.o: in function `WWKeyboardClass::Is_Buffer_Full() const':
KEYBOARD.CPP:(.text+0x59c): multiple definition of `WWKeyboardClass::Is_Buffer_Full() const'; /home/hugh/.paperclip/instances/default/projects/383ed49e-8193-4717-814c-434585b89ce8/65c59b6b-89a8-4b57-8f47-4693ee406ec8/_default/build/first-link-survey-pass-43L/obj/REDALERT/KEY.o:KEY.CPP:(.text+0x61a): first defined here
/usr/bin/ld.bfd: /home/hugh/.paperclip/instances/default/projects/383ed49e-8193-4717-814c-434585b89ce8/65c59b6b-89a8-4b57-8f47-4693ee406ec8/_default/build/first-link-survey-pass-43L/obj/REDALERT/KEYBOARD.o: in function `WWKeyboardClass::Put_Element(unsigned short)':
KEYBOARD.CPP:(.text+0x51c): multiple definition of `WWKeyboardClass::Put_Element(unsigned short)'; /home/hugh/.paperclip/instances/default/projects/383ed49e-8193-4717-814c-434585b89ce8/65c59b6b-89a8-4b57-8f47-4693ee406ec8/_default/build/first-link-survey-pass-43L/obj/REDALERT/KEY.o:KEY.CPP:(.text+0x59a): first defined here
/usr/bin/ld.bfd: /home/hugh/.paperclip/instances/default/projects/383ed49e-8193-4717-814c-434585b89ce8/65c59b6b-89a8-4b57-8f47-4693ee406ec8/_default/build/first-link-survey-pass-43L/obj/REDALERT/KEYBOARD.o: in function `WWKeyboardClass::Put_Key_Message(unsigned short, bool)':
KEYBOARD.CPP:(.text+0x262): multiple definition of `WWKeyboardClass::Put_Key_Message(unsigned short, bool)'; /home/hugh/.paperclip/instances/default/projects/383ed49e-8193-4717-814c-434585b89ce8/65c59b6b-89a8-4b57-8f47-4693ee406ec8/_default/build/first-link-survey-pass-43L/obj/REDALERT/KEY.o:KEY.CPP:(.text+0x256): first defined here
/usr/bin/ld.bfd: /home/hugh/.paperclip/instances/default/projects/383ed49e-8193-4717-814c-434585b89ce8/65c59b6b-89a8-4b57-8f47-4693ee406ec8/_default/build/first-link-survey-pass-43L/obj/REDALERT/KEYBOARD.o: in function `WWKeyboardClass::To_ASCII(unsigned short)':
KEYBOARD.CPP:(.text+0x326): multiple definition of `WWKeyboardClass::To_ASCII(unsigned short)'; /home/hugh/.paperclip/instances/default/projects/383ed49e-8193-4717-814c-434585b89ce8/65c59b6b-89a8-4b57-8f47-4693ee406ec8/_default/build/first-link-survey-pass-43L/obj/REDALERT/KEY.o:KEY.CPP:(.text+0x3b6): first defined here
/usr/bin/ld.bfd: /home/hugh/.paperclip/instances/default/projects/383ed49e-8193-4717-814c-434585b89ce8/65c59b6b-89a8-4b57-8f47-4693ee406ec8/_default/build/first-link-survey-pass-43L/obj/REDALERT/KEYBOARD.o: in function `WWKeyboardClass::Down(unsigned short)':
KEYBOARD.CPP:(.text+0x442): multiple definition of `WWKeyboardClass::Down(unsigned short)'; /home/hugh/.paperclip/instances/default/projects/383ed49e-8193-4717-814c-434585b89ce8/65c59b6b-89a8-4b57-8f47-4693ee406ec8/_default/build/first-link-survey-pass-43L/obj/REDALERT/KEY.o:KEY.CPP:(.text+0x4c0): first defined here
/usr/bin/ld.bfd: /home/hugh/.paperclip/instances/default/projects/383ed49e-8193-4717-814c-434585b89ce8/65c59b6b-89a8-4b57-8f47-4693ee406ec8/_default/build/first-link-survey-pass-43L/obj/REDALERT/KEYBOARD.o: in function `WWKeyboardClass::Clear()':
KEYBOARD.CPP:(.text+0x696): multiple definition of `WWKeyboardClass::Clear()'; /home/hugh/.paperclip/instances/default/projects/383ed49e-8193-4717-814c-434585b89ce8/65c59b6b-89a8-4b57-8f47-4693ee406ec8/_default/build/first-link-survey-pass-43L/obj/REDALERT/KEY.o:KEY.CPP:(.text+0x714): first defined here
/usr/bin/ld.bfd: /home/hugh/.paperclip/instances/default/projects/383ed49e-8193-4717-814c-434585b89ce8/65c59b6b-89a8-4b57-8f47-4693ee406ec8/_default/build/first-link-survey-pass-43L/obj/REDALERT/KEYBOARD.o: in function `WWKeyboardClass::Message_Handler(void*, unsigned int, unsigned int, long)':
KEYBOARD.CPP:(.text+0x6b6): multiple definition of `WWKeyboardClass::Message_Handler(void*, unsigned int, unsigned int, long)'; /home/hugh/.paperclip/instances/default/projects/383ed49e-8193-4717-814c-434585b89ce8/65c59b6b-89a8-4b57-8f47-4693ee406ec8/_default/build/first-link-survey-pass-43L/obj/REDALERT/KEY.o:KEY.CPP:(.text+0x764): first defined here
/usr/bin/ld.bfd: /home/hugh/.paperclip/instances/default/projects/383ed49e-8193-4717-814c-434585b89ce8/65c59b6b-89a8-4b57-8f47-4693ee406ec8/_default/build/first-link-survey-pass-43L/obj/REDALERT/LZWSTRAW.o: in function `LZWStraw::LZWStraw(LZWStraw::CompControl, int)':
LZWSTRAW.CPP:(.text+0x0): multiple definition of `LZWStraw::LZWStraw(LZWStraw::CompControl, int)'; /home/hugh/.paperclip/instances/default/projects/383ed49e-8193-4717-814c-434585b89ce8/65c59b6b-89a8-4b57-8f47-4693ee406ec8/_default/build/first-link-survey-pass-43L/obj/REDALERT/LZWOTRAW.o:LZWOTRAW.CPP:(.text+0x0): first defined here
/usr/bin/ld.bfd: /home/hugh/.paperclip/instances/default/projects/383ed49e-8193-4717-814c-434585b89ce8/65c59b6b-89a8-4b57-8f47-4693ee406ec8/_default/build/first-link-survey-pass-43L/obj/REDALERT/LZWSTRAW.o: in function `LZWStraw::LZWStraw(LZWStraw::CompControl, int)':
LZWSTRAW.CPP:(.text+0x0): multiple definition of `LZWStraw::LZWStraw(LZWStraw::CompControl, int)'; /home/hugh/.paperclip/instances/default/projects/383ed49e-8193-4717-814c-434585b89ce8/65c59b6b-89a8-4b57-8f47-4693ee406ec8/_default/build/first-link-survey-pass-43L/obj/REDALERT/LZWOTRAW.o:LZWOTRAW.CPP:(.text+0x0): first defined here
/usr/bin/ld.bfd: /home/hugh/.paperclip/instances/default/projects/383ed49e-8193-4717-814c-434585b89ce8/65c59b6b-89a8-4b57-8f47-4693ee406ec8/_default/build/first-link-survey-pass-43L/obj/REDALERT/LZWSTRAW.o: in function `LZWStraw::~LZWStraw()':
LZWSTRAW.CPP:(.text+0xe6): multiple definition of `LZWStraw::~LZWStraw()'; /home/hugh/.paperclip/instances/default/projects/383ed49e-8193-4717-814c-434585b89ce8/65c59b6b-89a8-4b57-8f47-4693ee406ec8/_default/build/first-link-survey-pass-43L/obj/REDALERT/LZWOTRAW.o:LZWOTRAW.CPP:(.text+0xe6): first defined here
/usr/bin/ld.bfd: /home/hugh/.paperclip/instances/default/projects/383ed49e-8193-4717-814c-434585b89ce8/65c59b6b-89a8-4b57-8f47-4693ee406ec8/_default/build/first-link-survey-pass-43L/obj/REDALERT/LZWSTRAW.o: in function `LZWStraw::~LZWStraw()':
LZWSTRAW.CPP:(.text+0xe6): multiple definition of `LZWStraw::~LZWStraw()'; /home/hugh/.paperclip/instances/default/projects/383ed49e-8193-4717-814c-434585b89ce8/65c59b6b-89a8-4b57-8f47-4693ee406ec8/_default/build/first-link-survey-pass-43L/obj/REDALERT/LZWOTRAW.o:LZWOTRAW.CPP:(.text+0xe6): first defined here
/usr/bin/ld.bfd: /home/hugh/.paperclip/instances/default/projects/383ed49e-8193-4717-814c-434585b89ce8/65c59b6b-89a8-4b57-8f47-4693ee406ec8/_default/build/first-link-survey-pass-43L/obj/REDALERT/LZWSTRAW.o: in function `LZWStraw::~LZWStraw()':
LZWSTRAW.CPP:(.text+0x162): multiple definition of `LZWStraw::~LZWStraw()'; /home/hugh/.paperclip/instances/default/projects/383ed49e-8193-4717-814c-434585b89ce8/65c59b6b-89a8-4b57-8f47-4693ee406ec8/_default/build/first-link-survey-pass-43L/obj/REDALERT/LZWOTRAW.o:LZWOTRAW.CPP:(.text+0x162): first defined here
/usr/bin/ld.bfd: /home/hugh/.paperclip/instances/default/projects/383ed49e-8193-4717-814c-434585b89ce8/65c59b6b-89a8-4b57-8f47-4693ee406ec8/_default/build/first-link-survey-pass-43L/obj/REDALERT/LZWSTRAW.o: in function `LZWStraw::Get(void*, int)':
LZWSTRAW.CPP:(.text+0x18e): multiple definition of `LZWStraw::Get(void*, int)'; /home/hugh/.paperclip/instances/default/projects/383ed49e-8193-4717-814c-434585b89ce8/65c59b6b-89a8-4b57-8f47-4693ee406ec8/_default/build/first-link-survey-pass-43L/obj/REDALERT/LZWOTRAW.o:LZWOTRAW.CPP:(.text+0x18e): first defined here
/usr/bin/ld.bfd: /home/hugh/.paperclip/instances/default/projects/383ed49e-8193-4717-814c-434585b89ce8/65c59b6b-89a8-4b57-8f47-4693ee406ec8/_default/build/first-link-survey-pass-43L/obj/REDALERT/WIN32LIB/TIMERINI.o:(.bss+0x10): multiple definition of `TickCount'; /home/hugh/.paperclip/instances/default/projects/383ed49e-8193-4717-814c-434585b89ce8/65c59b6b-89a8-4b57-8f47-4693ee406ec8/_default/build/first-link-survey-pass-43L/obj/REDALERT/GLOBALS.o:(.bss+0x25c360): first defined here
/usr/bin/ld.bfd: /home/hugh/.paperclip/instances/default/projects/383ed49e-8193-4717-814c-434585b89ce8/65c59b6b-89a8-4b57-8f47-4693ee406ec8/_default/build/first-link-survey-pass-43L/obj/REDALERT/ANIM.o: in function `AnimClass::AI()':
ANIM.CPP:(.text+0x16cc): undefined reference to `GetSystemTimeAsFileTime'
/usr/bin/ld.bfd: /home/hugh/.paperclip/instances/default/projects/383ed49e-8193-4717-814c-434585b89ce8/65c59b6b-89a8-4b57-8f47-4693ee406ec8/_default/build/first-link-survey-pass-43L/obj/REDALERT/CONQUER.o: in function `Main_Game(int, char**)':
CONQUER.CPP:(.text+0x26e): undefined reference to `Register_Game_Start_Time()'
/usr/bin/ld.bfd: CONQUER.CPP:(.text+0x274): undefined reference to `GameStatisticsPacketSent'
/usr/bin/ld.bfd: CONQUER.CPP:(.text+0x27c): undefined reference to `PacketLater'
/usr/bin/ld.bfd: CONQUER.CPP:(.text+0x286): undefined reference to `ConnectionLost'
/usr/bin/ld.bfd: CONQUER.CPP:(.text+0x290): undefined reference to `DDEServer'
/usr/bin/ld.bfd: CONQUER.CPP:(.text+0x298): undefined reference to `DDEServerClass::Disable()'
/usr/bin/ld.bfd: CONQUER.CPP:(.text+0x46d): undefined reference to `GameStatisticsPacketSent'
/usr/bin/ld.bfd: CONQUER.CPP:(.text+0x47b): undefined reference to `PacketLater'
/usr/bin/ld.bfd: CONQUER.CPP:(.text+0x485): undefined reference to `Send_Statistics_Packet()'
/usr/bin/ld.bfd: CONQUER.CPP:(.text+0x53e): undefined reference to `Winsock'
/usr/bin/ld.bfd: CONQUER.CPP:(.text+0x546): undefined reference to `TcpipManagerClass::Close()'
/usr/bin/ld.bfd: CONQUER.CPP:(.text+0x55c): undefined reference to `SpawnedFromWChat'
/usr/bin/ld.bfd: CONQUER.CPP:(.text+0x564): undefined reference to `DDEServer'
/usr/bin/ld.bfd: CONQUER.CPP:(.text+0x56c): undefined reference to `DDEServerClass::Delete_MPlayer_Game_Info()'
/usr/bin/ld.bfd: CONQUER.CPP:(.text+0x580): undefined reference to `Spawn_WChat(bool)'
/usr/bin/ld.bfd: /home/hugh/.paperclip/instances/default/projects/383ed49e-8193-4717-814c-434585b89ce8/65c59b6b-89a8-4b57-8f47-4693ee406ec8/_default/build/first-link-survey-pass-43L/obj/REDALERT/CONQUER.o: in function `Main_Loop()':
CONQUER.CPP:(.text+0x269b): undefined reference to `GameStatisticsPacketSent'
/usr/bin/ld.bfd: CONQUER.CPP:(.text+0x26a7): undefined reference to `Register_Game_End_Time()'
/usr/bin/ld.bfd: CONQUER.CPP:(.text+0x26ac): undefined reference to `Send_Statistics_Packet()'
/usr/bin/ld.bfd: CONQUER.CPP:(.text+0x273e): undefined reference to `GameStatisticsPacketSent'
/usr/bin/ld.bfd: CONQUER.CPP:(.text+0x274a): undefined reference to `Register_Game_End_Time()'
/usr/bin/ld.bfd: CONQUER.CPP:(.text+0x274f): undefined reference to `Send_Statistics_Packet()'
/usr/bin/ld.bfd: CONQUER.CPP:(.text+0x289d): undefined reference to `GameStatisticsPacketSent'
/usr/bin/ld.bfd: CONQUER.CPP:(.text+0x28a9): undefined reference to `Register_Game_End_Time()'
/usr/bin/ld.bfd: CONQUER.CPP:(.text+0x28ae): undefined reference to `Send_Statistics_Packet()'
/usr/bin/ld.bfd: /home/hugh/.paperclip/instances/default/projects/383ed49e-8193-4717-814c-434585b89ce8/65c59b6b-89a8-4b57-8f47-4693ee406ec8/_default/build/first-link-survey-pass-43L/obj/REDALERT/CONQUER.o: in function `CC_Draw_Shape(void const*, int, int, int, WindowNumberType, ShapeFlags_Type, void const*, void const*, DirType)':
CONQUER.CPP:(.text+0x3a2b): undefined reference to `Buffer_Frame_To_Page'
/usr/bin/ld.bfd: CONQUER.CPP:(.text+0x3a96): undefined reference to `Buffer_Frame_To_Page'
/usr/bin/ld.bfd: CONQUER.CPP:(.text+0x3afc): undefined reference to `Buffer_Frame_To_Page'
/usr/bin/ld.bfd: CONQUER.CPP:(.text+0x3b49): undefined reference to `Buffer_Frame_To_Page'
/usr/bin/ld.bfd: /home/hugh/.paperclip/instances/default/projects/383ed49e-8193-4717-814c-434585b89ce8/65c59b6b-89a8-4b57-8f47-4693ee406ec8/_default/build/first-link-survey-pass-43L/obj/REDALERT/DIALOG.o: in function `GraphicViewPortClass::Print(char const*, int, int, int, int)':
DIALOG.CPP:(.text._ZN20GraphicViewPortClass5PrintEPKciiii[_ZN20GraphicViewPortClass5PrintEPKciiii]+0x5a): undefined reference to `Buffer_Print'
/usr/bin/ld.bfd: /home/hugh/.paperclip/instances/default/projects/383ed49e-8193-4717-814c-434585b89ce8/65c59b6b-89a8-4b57-8f47-4693ee406ec8/_default/build/first-link-survey-pass-43L/obj/REDALERT/DLLInterface.o: in function `Debug_Write_Shape(char const*, void const*, int, int, void const*)':
DLLInterface.cpp:(.text+0x26bc): undefined reference to `Buffer_Frame_To_Page'
/usr/bin/ld.bfd: DLLInterface.cpp:(.text+0x26fe): undefined reference to `Buffer_Frame_To_Page'
/usr/bin/ld.bfd: /home/hugh/.paperclip/instances/default/projects/383ed49e-8193-4717-814c-434585b89ce8/65c59b6b-89a8-4b57-8f47-4693ee406ec8/_default/build/first-link-survey-pass-43L/obj/REDALERT/DLLInterfaceEditor.o: in function `CNC_Editor_Get_Cell_Texture_Buffer':
DLLInterfaceEditor.cpp:(.text+0xc6e): undefined reference to `SafeArrayCreate'
/usr/bin/ld.bfd: DLLInterfaceEditor.cpp:(.text+0xc94): undefined reference to `SafeArrayAccessData'
/usr/bin/ld.bfd: DLLInterfaceEditor.cpp:(.text+0xe60): undefined reference to `SafeArrayUnaccessData'
/usr/bin/ld.bfd: /home/hugh/.paperclip/instances/default/projects/383ed49e-8193-4717-814c-434585b89ce8/65c59b6b-89a8-4b57-8f47-4693ee406ec8/_default/build/first-link-survey-pass-43L/obj/REDALERT/DLLInterfaceEditor.o: in function `CNC_Editor_Get_Template_Data':
DLLInterfaceEditor.cpp:(.text+0xfc1): undefined reference to `SafeArrayCreate'
/usr/bin/ld.bfd: DLLInterfaceEditor.cpp:(.text+0xfde): undefined reference to `SafeArrayAccessData'
/usr/bin/ld.bfd: DLLInterfaceEditor.cpp:(.text+0x1078): undefined reference to `SafeArrayUnaccessData'
/usr/bin/ld.bfd: /home/hugh/.paperclip/instances/default/projects/383ed49e-8193-4717-814c-434585b89ce8/65c59b6b-89a8-4b57-8f47-4693ee406ec8/_default/build/first-link-survey-pass-43L/obj/REDALERT/EVENT.o: in function `EventClass::Execute()':
EVENT.CPP:(.text+0xdcf): undefined reference to `GetSystemTimeAsFileTime'
/usr/bin/ld.bfd: EVENT.CPP:(.text+0x1c84): undefined reference to `DDEServer'
/usr/bin/ld.bfd: EVENT.CPP:(.text+0x1c8c): undefined reference to `DDEServerClass::Time_Since_Heartbeat()'
/usr/bin/ld.bfd: /home/hugh/.paperclip/instances/default/projects/383ed49e-8193-4717-814c-434585b89ce8/65c59b6b-89a8-4b57-8f47-4693ee406ec8/_default/build/first-link-survey-pass-43L/obj/REDALERT/EXPAND.o: in function `Expansion_Dialog(bool)':
EXPAND.CPP:(.text+0x725): undefined reference to `AllSurfaces'
/usr/bin/ld.bfd: EXPAND.CPP:(.text+0x72f): undefined reference to `AllSurfaces'
/usr/bin/ld.bfd: /home/hugh/.paperclip/instances/default/projects/383ed49e-8193-4717-814c-434585b89ce8/65c59b6b-89a8-4b57-8f47-4693ee406ec8/_default/build/first-link-survey-pass-43L/obj/REDALERT/GAMEDLG.o: in function `GameControlsClass::Process()':
GAMEDLG.CPP:(.text+0x4f1): undefined reference to `AllSurfaces'
/usr/bin/ld.bfd: GAMEDLG.CPP:(.text+0x4fb): undefined reference to `AllSurfaces'
/usr/bin/ld.bfd: /home/hugh/.paperclip/instances/default/projects/383ed49e-8193-4717-814c-434585b89ce8/65c59b6b-89a8-4b57-8f47-4693ee406ec8/_default/build/first-link-survey-pass-43L/obj/REDALERT/GETCPU.o: in function `Get_CPU_Type(int&, int&, char*, int)':
GETCPU.CPP:(.text+0x18): undefined reference to `Detect_MMX_Availability'
/usr/bin/ld.bfd: GETCPU.CPP:(.text+0x25): undefined reference to `CPUType'
/usr/bin/ld.bfd: GETCPU.CPP:(.text+0x35): undefined reference to `VendorID'
/usr/bin/ld.bfd: /home/hugh/.paperclip/instances/default/projects/383ed49e-8193-4717-814c-434585b89ce8/65c59b6b-89a8-4b57-8f47-4693ee406ec8/_default/build/first-link-survey-pass-43L/obj/REDALERT/GOPTIONS.o: in function `GameOptionsClass::Process()':
GOPTIONS.CPP:(.text+0x82b): undefined reference to `AllSurfaces'
/usr/bin/ld.bfd: GOPTIONS.CPP:(.text+0x835): undefined reference to `AllSurfaces'
/usr/bin/ld.bfd: /home/hugh/.paperclip/instances/default/projects/383ed49e-8193-4717-814c-434585b89ce8/65c59b6b-89a8-4b57-8f47-4693ee406ec8/_default/build/first-link-survey-pass-43L/obj/REDALERT/INIT.o: in function `Select_Game(bool)':
INIT.CPP:(.text+0x99f): undefined reference to `DDEServer'
/usr/bin/ld.bfd: INIT.CPP:(.text+0x9a7): undefined reference to `DDEServerClass::Enable()'
/usr/bin/ld.bfd: INIT.CPP:(.text+0xcc3): undefined reference to `DDEServer'
/usr/bin/ld.bfd: INIT.CPP:(.text+0xccb): undefined reference to `DDEServerClass::Get_MPlayer_Game_Info()'
/usr/bin/ld.bfd: INIT.CPP:(.text+0xcea): undefined reference to `Check_From_WChat(char*)'
/usr/bin/ld.bfd: INIT.CPP:(.text+0xd1b): undefined reference to `DDEServer'
/usr/bin/ld.bfd: INIT.CPP:(.text+0xd23): undefined reference to `DDEServerClass::Get_MPlayer_Game_Info()'
/usr/bin/ld.bfd: INIT.CPP:(.text+0xd37): undefined reference to `Check_From_WChat(char*)'
/usr/bin/ld.bfd: INIT.CPP:(.text+0x122b): undefined reference to `MainWindow'
/usr/bin/ld.bfd: INIT.CPP:(.text+0x1239): undefined reference to `ShowCommand'
/usr/bin/ld.bfd: INIT.CPP:(.text+0x1240): undefined reference to `MainWindow'
/usr/bin/ld.bfd: INIT.CPP:(.text+0x1260): undefined reference to `Winsock'
/usr/bin/ld.bfd: INIT.CPP:(.text+0x1268): undefined reference to `TcpipManagerClass::Init()'
/usr/bin/ld.bfd: INIT.CPP:(.text+0x129a): undefined reference to `PlanetWestwoodIsHost'
/usr/bin/ld.bfd: INIT.CPP:(.text+0x12a0): undefined reference to `Server'
/usr/bin/ld.bfd: INIT.CPP:(.text+0x12b6): undefined reference to `PlanetWestwoodIPAddress'
/usr/bin/ld.bfd: INIT.CPP:(.text+0x12c0): undefined reference to `Winsock'
/usr/bin/ld.bfd: INIT.CPP:(.text+0x12c8): undefined reference to `TcpipManagerClass::Set_Host_Address(char*)'
/usr/bin/ld.bfd: INIT.CPP:(.text+0x12de): undefined reference to `Server'
/usr/bin/ld.bfd: INIT.CPP:(.text+0x12e9): undefined reference to `Winsock'
/usr/bin/ld.bfd: INIT.CPP:(.text+0x12f1): undefined reference to `TcpipManagerClass::Start_Server()'
/usr/bin/ld.bfd: INIT.CPP:(.text+0x12fa): undefined reference to `Winsock'
/usr/bin/ld.bfd: INIT.CPP:(.text+0x1302): undefined reference to `TcpipManagerClass::Start_Client()'
/usr/bin/ld.bfd: INIT.CPP:(.text+0x13cb): undefined reference to `Winsock'
/usr/bin/ld.bfd: INIT.CPP:(.text+0x13d3): undefined reference to `TcpipManagerClass::Read(void*, int)'
/usr/bin/ld.bfd: INIT.CPP:(.text+0x142b): undefined reference to `DDEServer'
/usr/bin/ld.bfd: INIT.CPP:(.text+0x1433): undefined reference to `DDEServerClass::Get_MPlayer_Game_Info()'
/usr/bin/ld.bfd: INIT.CPP:(.text+0x148d): undefined reference to `Read_Game_Options(char*)'
/usr/bin/ld.bfd: INIT.CPP:(.text+0x149e): undefined reference to `Read_Game_Options(char*)'
/usr/bin/ld.bfd: INIT.CPP:(.text+0x14a5): undefined reference to `PlanetWestwoodIsHost'
/usr/bin/ld.bfd: INIT.CPP:(.text+0x14dc): undefined reference to `Winsock'
/usr/bin/ld.bfd: INIT.CPP:(.text+0x14e4): undefined reference to `TcpipManagerClass::Close()'
/usr/bin/ld.bfd: INIT.CPP:(.text+0x14fc): undefined reference to `DDEServer'
/usr/bin/ld.bfd: INIT.CPP:(.text+0x1504): undefined reference to `DDEServerClass::Delete_MPlayer_Game_Info()'
/usr/bin/ld.bfd: INIT.CPP:(.text+0x1539): undefined reference to `Winsock'
/usr/bin/ld.bfd: INIT.CPP:(.text+0x1541): undefined reference to `TcpipManagerClass::Close()'
/usr/bin/ld.bfd: INIT.CPP:(.text+0x1559): undefined reference to `DDEServer'
/usr/bin/ld.bfd: INIT.CPP:(.text+0x1561): undefined reference to `DDEServerClass::Delete_MPlayer_Game_Info()'
/usr/bin/ld.bfd: /home/hugh/.paperclip/instances/default/projects/383ed49e-8193-4717-814c-434585b89ce8/65c59b6b-89a8-4b57-8f47-4693ee406ec8/_default/build/first-link-survey-pass-43L/obj/REDALERT/IPXCONN.o: in function `IPXConnClass::IPXConnClass(int, int, int, unsigned short, IPXAddressClass*, int, char*, int)':
IPXCONN.CPP:(.text+0xb7): undefined reference to `Winsock'
/usr/bin/ld.bfd: /home/hugh/.paperclip/instances/default/projects/383ed49e-8193-4717-814c-434585b89ce8/65c59b6b-89a8-4b57-8f47-4693ee406ec8/_default/build/first-link-survey-pass-43L/obj/REDALERT/IPXCONN.o: in function `IPXConnClass::Start_Listening()':
IPXCONN.CPP:(.text+0x291): undefined reference to `Winsock'
/usr/bin/ld.bfd: /home/hugh/.paperclip/instances/default/projects/383ed49e-8193-4717-814c-434585b89ce8/65c59b6b-89a8-4b57-8f47-4693ee406ec8/_default/build/first-link-survey-pass-43L/obj/REDALERT/IPXCONN.o: in function `IPXConnClass::Stop_Listening()':
IPXCONN.CPP:(.text+0x31e): undefined reference to `Winsock'
/usr/bin/ld.bfd: /home/hugh/.paperclip/instances/default/projects/383ed49e-8193-4717-814c-434585b89ce8/65c59b6b-89a8-4b57-8f47-4693ee406ec8/_default/build/first-link-survey-pass-43L/obj/REDALERT/IPXCONN.o: in function `IPXConnClass::Open_Socket(unsigned short)':
IPXCONN.CPP:(.text+0x3e7): undefined reference to `Winsock'
/usr/bin/ld.bfd: /home/hugh/.paperclip/instances/default/projects/383ed49e-8193-4717-814c-434585b89ce8/65c59b6b-89a8-4b57-8f47-4693ee406ec8/_default/build/first-link-survey-pass-43L/obj/REDALERT/IPXCONN.o: in function `IPXConnClass::Close_Socket(unsigned short)':
IPXCONN.CPP:(.text+0x48b): undefined reference to `Winsock'
/usr/bin/ld.bfd: /home/hugh/.paperclip/instances/default/projects/383ed49e-8193-4717-814c-434585b89ce8/65c59b6b-89a8-4b57-8f47-4693ee406ec8/_default/build/first-link-survey-pass-43L/obj/REDALERT/IPXCONN.o:IPXCONN.CPP:(.text+0x4e8): more undefined references to `Winsock' follow
/usr/bin/ld.bfd: /home/hugh/.paperclip/instances/default/projects/383ed49e-8193-4717-814c-434585b89ce8/65c59b6b-89a8-4b57-8f47-4693ee406ec8/_default/build/first-link-survey-pass-43L/obj/REDALERT/IPXCONN.o: in function `IPXConnClass::Send_To(char*, int, IPXAddressClass*, unsigned char*)':
IPXCONN.CPP:(.text+0x512): undefined reference to `TcpipManagerClass::Write(void*, int)'
/usr/bin/ld.bfd: /home/hugh/.paperclip/instances/default/projects/383ed49e-8193-4717-814c-434585b89ce8/65c59b6b-89a8-4b57-8f47-4693ee406ec8/_default/build/first-link-survey-pass-43L/obj/REDALERT/IPXCONN.o: in function `IPXConnClass::Broadcast(char*, int)':
IPXCONN.CPP:(.text+0x5e2): undefined reference to `Winsock'
/usr/bin/ld.bfd: IPXCONN.CPP:(.text+0x604): undefined reference to `Winsock'
/usr/bin/ld.bfd: IPXCONN.CPP:(.text+0x60c): undefined reference to `TcpipManagerClass::Write(void*, int)'
/usr/bin/ld.bfd: /home/hugh/.paperclip/instances/default/projects/383ed49e-8193-4717-814c-434585b89ce8/65c59b6b-89a8-4b57-8f47-4693ee406ec8/_default/build/first-link-survey-pass-43L/obj/REDALERT/IPXMGR.o: in function `IPXManagerClass::Service()':
IPXMGR.CPP:(.text+0x1143): undefined reference to `Winsock'
/usr/bin/ld.bfd: IPXMGR.CPP:(.text+0x1178): undefined reference to `Winsock'
/usr/bin/ld.bfd: IPXMGR.CPP:(.text+0x136d): undefined reference to `Winsock'
/usr/bin/ld.bfd: IPXMGR.CPP:(.text+0x1375): undefined reference to `TcpipManagerClass::Read(void*, int)'
/usr/bin/ld.bfd: /home/hugh/.paperclip/instances/default/projects/383ed49e-8193-4717-814c-434585b89ce8/65c59b6b-89a8-4b57-8f47-4693ee406ec8/_default/build/first-link-survey-pass-43L/obj/REDALERT/KEYBOARD.o: in function `WWKeyboardClass::Message_Handler(void*, unsigned int, unsigned int, long)':
KEYBOARD.CPP:(.text+0x76a): undefined reference to `Stop_Execution'
/usr/bin/ld.bfd: /home/hugh/.paperclip/instances/default/projects/383ed49e-8193-4717-814c-434585b89ce8/65c59b6b-89a8-4b57-8f47-4693ee406ec8/_default/build/first-link-survey-pass-43L/obj/REDALERT/LCWPIPE.o: in function `LCWPipe::Put(void const*, int)':
LCWPIPE.CPP:(.text+0x46b): undefined reference to `LCW_Comp'
/usr/bin/ld.bfd: LCWPIPE.CPP:(.text+0x4f6): undefined reference to `LCW_Comp'
/usr/bin/ld.bfd: /home/hugh/.paperclip/instances/default/projects/383ed49e-8193-4717-814c-434585b89ce8/65c59b6b-89a8-4b57-8f47-4693ee406ec8/_default/build/first-link-survey-pass-43L/obj/REDALERT/LCWPIPE.o: in function `LCWPipe::Flush()':
LCWPIPE.CPP:(.text+0x6d8): undefined reference to `LCW_Comp'
/usr/bin/ld.bfd: /home/hugh/.paperclip/instances/default/projects/383ed49e-8193-4717-814c-434585b89ce8/65c59b6b-89a8-4b57-8f47-4693ee406ec8/_default/build/first-link-survey-pass-43L/obj/REDALERT/LCWSTRAW.o: in function `LCWStraw::Get(void*, int)':
LCWSTRAW.CPP:(.text+0x40d): undefined reference to `LCW_Comp'
/usr/bin/ld.bfd: /home/hugh/.paperclip/instances/default/projects/383ed49e-8193-4717-814c-434585b89ce8/65c59b6b-89a8-4b57-8f47-4693ee406ec8/_default/build/first-link-survey-pass-43L/obj/REDALERT/LOADDLG.o: in function `LoadOptionsClass::Process()':
LOADDLG.CPP:(.text+0x63a): undefined reference to `AllSurfaces'
/usr/bin/ld.bfd: LOADDLG.CPP:(.text+0x644): undefined reference to `AllSurfaces'
/usr/bin/ld.bfd: /home/hugh/.paperclip/instances/default/projects/383ed49e-8193-4717-814c-434585b89ce8/65c59b6b-89a8-4b57-8f47-4693ee406ec8/_default/build/first-link-survey-pass-43L/obj/REDALERT/MENUS.o: in function `Main_Menu(unsigned long)':
MENUS.CPP:(.text+0x10e7): undefined reference to `AllSurfaces'
/usr/bin/ld.bfd: MENUS.CPP:(.text+0x10f1): undefined reference to `AllSurfaces'
/usr/bin/ld.bfd: /home/hugh/.paperclip/instances/default/projects/383ed49e-8193-4717-814c-434585b89ce8/65c59b6b-89a8-4b57-8f47-4693ee406ec8/_default/build/first-link-survey-pass-43L/obj/REDALERT/MPGSET.o: in function `MPGSettings::Dialog()':
MPGSET.CPP:(.text+0x78d): undefined reference to `AllSurfaces'
/usr/bin/ld.bfd: /home/hugh/.paperclip/instances/default/projects/383ed49e-8193-4717-814c-434585b89ce8/65c59b6b-89a8-4b57-8f47-4693ee406ec8/_default/build/first-link-survey-pass-43L/obj/REDALERT/MPGSET.o:MPGSET.CPP:(.text+0x797): more undefined references to `AllSurfaces' follow
/usr/bin/ld.bfd: /home/hugh/.paperclip/instances/default/projects/383ed49e-8193-4717-814c-434585b89ce8/65c59b6b-89a8-4b57-8f47-4693ee406ec8/_default/build/first-link-survey-pass-43L/obj/REDALERT/MPMGRD.o: in function `MPlayerManClass::MPlayerManClass()':
MPMGRD.CPP:(.text+0x46): undefined reference to `LPCGetMPAddr()'
/usr/bin/ld.bfd: /home/hugh/.paperclip/instances/default/projects/383ed49e-8193-4717-814c-434585b89ce8/65c59b6b-89a8-4b57-8f47-4693ee406ec8/_default/build/first-link-survey-pass-43L/obj/REDALERT/MPMGRD.o: in function `MPlayerManClass::Find_Num_Connections()':
MPMGRD.CPP:(.text+0x7de): undefined reference to `GetGameDef'
/usr/bin/ld.bfd: /home/hugh/.paperclip/instances/default/projects/383ed49e-8193-4717-814c-434585b89ce8/65c59b6b-89a8-4b57-8f47-4693ee406ec8/_default/build/first-link-survey-pass-43L/obj/REDALERT/MSGBOX.o: in function `WWMessageBox::Process(char const*, char const*, char const*, char const*, bool)':
MSGBOX.CPP:(.text+0x6a7): undefined reference to `AllSurfaces'
/usr/bin/ld.bfd: MSGBOX.CPP:(.text+0x6b1): undefined reference to `AllSurfaces'
/usr/bin/ld.bfd: /home/hugh/.paperclip/instances/default/projects/383ed49e-8193-4717-814c-434585b89ce8/65c59b6b-89a8-4b57-8f47-4693ee406ec8/_default/build/first-link-survey-pass-43L/obj/REDALERT/MSGBOX.o: in function `GraphicViewPortClass::To_Buffer(int, int, int, int, void*, long)':
MSGBOX.CPP:(.text._ZN20GraphicViewPortClass9To_BufferEiiiiPvl[_ZN20GraphicViewPortClass9To_BufferEiiiiPvl]+0x5f): undefined reference to `Buffer_To_Buffer'
/usr/bin/ld.bfd: /home/hugh/.paperclip/instances/default/projects/383ed49e-8193-4717-814c-434585b89ce8/65c59b6b-89a8-4b57-8f47-4693ee406ec8/_default/build/first-link-survey-pass-43L/obj/REDALERT/MiscAsm.o: in function `Set_Palette_Range':
MiscAsm.cpp:(.text+0x190): undefined reference to `Set_DD_Palette'
/usr/bin/ld.bfd: /home/hugh/.paperclip/instances/default/projects/383ed49e-8193-4717-814c-434585b89ce8/65c59b6b-89a8-4b57-8f47-4693ee406ec8/_default/build/first-link-survey-pass-43L/obj/REDALERT/QUEUE.o: in function `Process_Reconnect_Dialog(CDTimerClass<SystemTimerClass>*, long*, int, int, int)':
QUEUE.CPP:(.text+0x1f1c): undefined reference to `Net_Reconnect_Dialog(int, int, int, unsigned long)'
/usr/bin/ld.bfd: /home/hugh/.paperclip/instances/default/projects/383ed49e-8193-4717-814c-434585b89ce8/65c59b6b-89a8-4b57-8f47-4693ee406ec8/_default/build/first-link-survey-pass-43L/obj/REDALERT/QUEUE.o: in function `Handle_Timeout(ConnManClass*, long*, unsigned short*, unsigned short*)':
QUEUE.CPP:(.text+0x1fbb): undefined reference to `Reconnect_Modem()'
/usr/bin/ld.bfd: QUEUE.CPP:(.text+0x20ca): undefined reference to `GameStatisticsPacketSent'
/usr/bin/ld.bfd: QUEUE.CPP:(.text+0x20e6): undefined reference to `Register_Game_End_Time()'
/usr/bin/ld.bfd: QUEUE.CPP:(.text+0x20ec): undefined reference to `ConnectionLost'
/usr/bin/ld.bfd: QUEUE.CPP:(.text+0x20f2): undefined reference to `Send_Statistics_Packet()'
/usr/bin/ld.bfd: /home/hugh/.paperclip/instances/default/projects/383ed49e-8193-4717-814c-434585b89ce8/65c59b6b-89a8-4b57-8f47-4693ee406ec8/_default/build/first-link-survey-pass-43L/obj/REDALERT/QUEUE.o: in function `Stop_Game()':
QUEUE.CPP:(.text+0x2227): undefined reference to `ConnectionLost'
/usr/bin/ld.bfd: QUEUE.CPP:(.text+0x222d): undefined reference to `Send_Statistics_Packet()'
/usr/bin/ld.bfd: /home/hugh/.paperclip/instances/default/projects/383ed49e-8193-4717-814c-434585b89ce8/65c59b6b-89a8-4b57-8f47-4693ee406ec8/_default/build/first-link-survey-pass-43L/obj/REDALERT/QUEUE.o: in function `Execute_DoList(int, HousesType, ConnManClass*, CDTimerClass<FrameTimerClass>*, long*, unsigned short*, unsigned short*)':
QUEUE.CPP:(.text+0x3769): undefined reference to `GameStatisticsPacketSent'
/usr/bin/ld.bfd: QUEUE.CPP:(.text+0x3785): undefined reference to `Register_Game_End_Time()'
/usr/bin/ld.bfd: QUEUE.CPP:(.text+0x378a): undefined reference to `Send_Statistics_Packet()'
/usr/bin/ld.bfd: /home/hugh/.paperclip/instances/default/projects/383ed49e-8193-4717-814c-434585b89ce8/65c59b6b-89a8-4b57-8f47-4693ee406ec8/_default/build/first-link-survey-pass-43L/obj/REDALERT/RADAR.o: in function `RadarClass::Set_Radar_Position(short)':
RADAR.CPP:(.text+0x3424): undefined reference to `OverlappedVideoBlits'
/usr/bin/ld.bfd: /home/hugh/.paperclip/instances/default/projects/383ed49e-8193-4717-814c-434585b89ce8/65c59b6b-89a8-4b57-8f47-4693ee406ec8/_default/build/first-link-survey-pass-43L/obj/REDALERT/SCENARIO.o: in function `Read_Scenario(char*)':
SCENARIO.CPP:(.text+0xd27): undefined reference to `SpawnedFromWChat'
/usr/bin/ld.bfd: SCENARIO.CPP:(.text+0xd60): undefined reference to `Send_Data_To_DDE_Server(char*, int, int)'
/usr/bin/ld.bfd: /home/hugh/.paperclip/instances/default/projects/383ed49e-8193-4717-814c-434585b89ce8/65c59b6b-89a8-4b57-8f47-4693ee406ec8/_default/build/first-link-survey-pass-43L/obj/REDALERT/SCENARIO.o: in function `BGMessageBox(char const*, int, int)':
SCENARIO.CPP:(.text+0x346d): undefined reference to `AllSurfaces'
/usr/bin/ld.bfd: SCENARIO.CPP:(.text+0x3477): undefined reference to `AllSurfaces'
/usr/bin/ld.bfd: SCENARIO.CPP:(.text+0x36c2): undefined reference to `AllSurfaces'
/usr/bin/ld.bfd: SCENARIO.CPP:(.text+0x36cc): undefined reference to `AllSurfaces'
/usr/bin/ld.bfd: /home/hugh/.paperclip/instances/default/projects/383ed49e-8193-4717-814c-434585b89ce8/65c59b6b-89a8-4b57-8f47-4693ee406ec8/_default/build/first-link-survey-pass-43L/obj/REDALERT/SCORE.o: in function `Animate_Score_Objs()':
SCORE.CPP:(.text+0x37dd): undefined reference to `AllSurfaces'
/usr/bin/ld.bfd: /home/hugh/.paperclip/instances/default/projects/383ed49e-8193-4717-814c-434585b89ce8/65c59b6b-89a8-4b57-8f47-4693ee406ec8/_default/build/first-link-survey-pass-43L/obj/REDALERT/SCORE.o:SCORE.CPP:(.text+0x37e7): more undefined references to `AllSurfaces' follow
/usr/bin/ld.bfd: /home/hugh/.paperclip/instances/default/projects/383ed49e-8193-4717-814c-434585b89ce8/65c59b6b-89a8-4b57-8f47-4693ee406ec8/_default/build/first-link-survey-pass-43L/obj/REDALERT/SCORE.o: in function `GraphicViewPortClass::Print(int, int, int, int, int)':
SCORE.CPP:(.text._ZN20GraphicViewPortClass5PrintEiiiii[_ZN20GraphicViewPortClass5PrintEiiiii]+0x6e): undefined reference to `Buffer_Print'
/usr/bin/ld.bfd: /home/hugh/.paperclip/instances/default/projects/383ed49e-8193-4717-814c-434585b89ce8/65c59b6b-89a8-4b57-8f47-4693ee406ec8/_default/build/first-link-survey-pass-43L/obj/REDALERT/SOUNDDLG.o: in function `SoundControlsClass::Process()':
SOUNDDLG.CPP:(.text+0x89c): undefined reference to `AllSurfaces'
/usr/bin/ld.bfd: SOUNDDLG.CPP:(.text+0x8a6): undefined reference to `AllSurfaces'
/usr/bin/ld.bfd: /home/hugh/.paperclip/instances/default/projects/383ed49e-8193-4717-814c-434585b89ce8/65c59b6b-89a8-4b57-8f47-4693ee406ec8/_default/build/first-link-survey-pass-43L/obj/REDALERT/SPECIAL.o: in function `Fetch_Password(int, int, int)':
SPECIAL.CPP:(.text+0x779): undefined reference to `AllSurfaces'
/usr/bin/ld.bfd: SPECIAL.CPP:(.text+0x783): undefined reference to `AllSurfaces'
/usr/bin/ld.bfd: /home/hugh/.paperclip/instances/default/projects/383ed49e-8193-4717-814c-434585b89ce8/65c59b6b-89a8-4b57-8f47-4693ee406ec8/_default/build/first-link-survey-pass-43L/obj/REDALERT/SPECIAL.o: in function `Fetch_Difficulty(bool)':
SPECIAL.CPP:(.text+0xc57): undefined reference to `AllSurfaces'
/usr/bin/ld.bfd: /home/hugh/.paperclip/instances/default/projects/383ed49e-8193-4717-814c-434585b89ce8/65c59b6b-89a8-4b57-8f47-4693ee406ec8/_default/build/first-link-survey-pass-43L/obj/REDALERT/SPECIAL.o:SPECIAL.CPP:(.text+0xc61): more undefined references to `AllSurfaces' follow
/usr/bin/ld.bfd: /home/hugh/.paperclip/instances/default/projects/383ed49e-8193-4717-814c-434585b89ce8/65c59b6b-89a8-4b57-8f47-4693ee406ec8/_default/build/first-link-survey-pass-43L/obj/REDALERT/STARTUP.o: in function `DLL_Startup(char const*)':
STARTUP.CPP:(.text+0x1c4): undefined reference to `SpawnedFromWChat'
/usr/bin/ld.bfd: STARTUP.CPP:(.text+0x4b7): undefined reference to `MainWindow'
/usr/bin/ld.bfd: STARTUP.CPP:(.text+0x501): undefined reference to `MainWindow'
/usr/bin/ld.bfd: STARTUP.CPP:(.text+0x50e): undefined reference to `Set_Video_Mode(void*, int, int, int)'
/usr/bin/ld.bfd: STARTUP.CPP:(.text+0x52d): undefined reference to `MainWindow'
/usr/bin/ld.bfd: STARTUP.CPP:(.text+0x53f): undefined reference to `Set_Video_Mode(void*, int, int, int)'
/usr/bin/ld.bfd: STARTUP.CPP:(.text+0x56e): undefined reference to `MainWindow'
/usr/bin/ld.bfd: STARTUP.CPP:(.text+0x57b): undefined reference to `Set_Video_Mode(void*, int, int, int)'
/usr/bin/ld.bfd: STARTUP.CPP:(.text+0x598): undefined reference to `MainWindow'
/usr/bin/ld.bfd: STARTUP.CPP:(.text+0x982): undefined reference to `DDEServer'
/usr/bin/ld.bfd: STARTUP.CPP:(.text+0x98a): undefined reference to `DDEServerClass::Get_MPlayer_Game_Info()'
/usr/bin/ld.bfd: STARTUP.CPP:(.text+0x99e): undefined reference to `Check_From_WChat(char*)'
/usr/bin/ld.bfd: STARTUP.CPP:(.text+0xa2f): undefined reference to `MainWindow'
/usr/bin/ld.bfd: /home/hugh/.paperclip/instances/default/projects/383ed49e-8193-4717-814c-434585b89ce8/65c59b6b-89a8-4b57-8f47-4693ee406ec8/_default/build/first-link-survey-pass-43L/obj/REDALERT/STARTUP.o: in function `Emergency_Exit(int)':
STARTUP.CPP:(.text+0xe5b): undefined reference to `MainWindow'
/usr/bin/ld.bfd: /home/hugh/.paperclip/instances/default/projects/383ed49e-8193-4717-814c-434585b89ce8/65c59b6b-89a8-4b57-8f47-4693ee406ec8/_default/build/first-link-survey-pass-43L/obj/REDALERT/TURRET.o: in function `TurretClass::~TurretClass()':
TURRET.CPP:(.text+0xf): undefined reference to `vtable for TurretClass'
/usr/bin/ld.bfd: /home/hugh/.paperclip/instances/default/projects/383ed49e-8193-4717-814c-434585b89ce8/65c59b6b-89a8-4b57-8f47-4693ee406ec8/_default/build/first-link-survey-pass-43L/obj/REDALERT/TURRET.o: in function `TurretClass::TurretClass()':
TURRET.CPP:(.text+0x78): undefined reference to `vtable for TurretClass'
/usr/bin/ld.bfd: /home/hugh/.paperclip/instances/default/projects/383ed49e-8193-4717-814c-434585b89ce8/65c59b6b-89a8-4b57-8f47-4693ee406ec8/_default/build/first-link-survey-pass-43L/obj/REDALERT/TURRET.o: in function `TurretClass::TurretClass(UnitType, HousesType)':
TURRET.CPP:(.text+0xb4): undefined reference to `vtable for TurretClass'
/usr/bin/ld.bfd: /home/hugh/.paperclip/instances/default/projects/383ed49e-8193-4717-814c-434585b89ce8/65c59b6b-89a8-4b57-8f47-4693ee406ec8/_default/build/first-link-survey-pass-43L/obj/REDALERT/VISUDLG.o: in function `VisualControlsClass::Process()':
VISUDLG.CPP:(.text+0x597): undefined reference to `AllSurfaces'
/usr/bin/ld.bfd: VISUDLG.CPP:(.text+0x5a1): undefined reference to `AllSurfaces'
/usr/bin/ld.bfd: /home/hugh/.paperclip/instances/default/projects/383ed49e-8193-4717-814c-434585b89ce8/65c59b6b-89a8-4b57-8f47-4693ee406ec8/_default/build/first-link-survey-pass-43L/obj/REDALERT/WINSTUB.o: in function `Create_Main_Window(void*, int, int, int)':
WINSTUB.CPP:(.text+0x10b): undefined reference to `MainWindow'
/usr/bin/ld.bfd: /home/hugh/.paperclip/instances/default/projects/383ed49e-8193-4717-814c-434585b89ce8/65c59b6b-89a8-4b57-8f47-4693ee406ec8/_default/build/first-link-survey-pass-43L/obj/REDALERT/WINSTUB.o: in function `Memory_Error_Handler()':
WINSTUB.CPP:(.text+0x570): undefined reference to `MainWindow'
/usr/bin/ld.bfd: /home/hugh/.paperclip/instances/default/projects/383ed49e-8193-4717-814c-434585b89ce8/65c59b6b-89a8-4b57-8f47-4693ee406ec8/_default/build/first-link-survey-pass-43L/obj/REDALERT/WSPROTO.o: in function `WinsockInterfaceClass::Start_Listening()':
WSPROTO.CPP:(.text+0x28c): undefined reference to `MainWindow'
/usr/bin/ld.bfd: /home/hugh/.paperclip/instances/default/projects/383ed49e-8193-4717-814c-434585b89ce8/65c59b6b-89a8-4b57-8f47-4693ee406ec8/_default/build/first-link-survey-pass-43L/obj/REDALERT/WSPROTO.o: in function `WinsockInterfaceClass::WriteTo(void*, int, void*)':
WSPROTO.CPP:(.text+0x7a4): undefined reference to `MainWindow'
/usr/bin/ld.bfd: /home/hugh/.paperclip/instances/default/projects/383ed49e-8193-4717-814c-434585b89ce8/65c59b6b-89a8-4b57-8f47-4693ee406ec8/_default/build/first-link-survey-pass-43L/obj/REDALERT/WSPROTO.o: in function `WinsockInterfaceClass::Broadcast(void*, int)':
WSPROTO.CPP:(.text+0x84f): undefined reference to `MainWindow'
/usr/bin/ld.bfd: /home/hugh/.paperclip/instances/default/projects/383ed49e-8193-4717-814c-434585b89ce8/65c59b6b-89a8-4b57-8f47-4693ee406ec8/_default/build/first-link-survey-pass-43L/obj/REDALERT/WSPUDP.o: in function `UDPInterfaceClass::Open_Socket(unsigned long)':
WSPUDP.CPP:(.text+0x430): undefined reference to `PlanetWestwoodPortNumber'
/usr/bin/ld.bfd: /home/hugh/.paperclip/instances/default/projects/383ed49e-8193-4717-814c-434585b89ce8/65c59b6b-89a8-4b57-8f47-4693ee406ec8/_default/build/first-link-survey-pass-43L/obj/REDALERT/WSPUDP.o: in function `UDPInterfaceClass::Broadcast(void*, int)':
WSPUDP.CPP:(.text+0x726): undefined reference to `MainWindow'
/usr/bin/ld.bfd: /home/hugh/.paperclip/instances/default/projects/383ed49e-8193-4717-814c-434585b89ce8/65c59b6b-89a8-4b57-8f47-4693ee406ec8/_default/build/first-link-survey-pass-43L/obj/REDALERT/WSPUDP.o: in function `UDPInterfaceClass::Message_Handler(void*, unsigned int, unsigned int, long)':
WSPUDP.CPP:(.text+0x9e9): undefined reference to `PlanetWestwoodPortNumber'
/usr/bin/ld.bfd: /home/hugh/.paperclip/instances/default/projects/383ed49e-8193-4717-814c-434585b89ce8/65c59b6b-89a8-4b57-8f47-4693ee406ec8/_default/build/first-link-survey-pass-43L/obj/REDALERT/WIN32LIB/DrawMisc.o: in function `Set_Palette_Range(void*)':
DrawMisc.cpp:(.text+0x329): undefined reference to `Set_DD_Palette'
/usr/bin/ld.bfd: /home/hugh/.paperclip/instances/default/projects/383ed49e-8193-4717-814c-434585b89ce8/65c59b6b-89a8-4b57-8f47-4693ee406ec8/_default/build/first-link-survey-pass-43L/obj/REDALERT/WIN32LIB/GBUFFER.o: in function `GraphicBufferClass::DD_Init(GBC_Enum)':
GBUFFER.CPP:(.text+0x3de): undefined reference to `DirectDrawObject'
/usr/bin/ld.bfd: GBUFFER.CPP:(.text+0x424): undefined reference to `AllSurfaces'
/usr/bin/ld.bfd: GBUFFER.CPP:(.text+0x42c): undefined reference to `SurfaceMonitorClass::Add_DD_Surface(IDirectDrawSurface*)'
/usr/bin/ld.bfd: GBUFFER.CPP:(.text+0x445): undefined reference to `PaletteSurface'
/usr/bin/ld.bfd: /home/hugh/.paperclip/instances/default/projects/383ed49e-8193-4717-814c-434585b89ce8/65c59b6b-89a8-4b57-8f47-4693ee406ec8/_default/build/first-link-survey-pass-43L/obj/REDALERT/WIN32LIB/GBUFFER.o: in function `GraphicBufferClass::Un_Init()':
GBUFFER.CPP:(.text+0x648): undefined reference to `AllSurfaces'
/usr/bin/ld.bfd: GBUFFER.CPP:(.text+0x650): undefined reference to `SurfaceMonitorClass::Restore_Surfaces()'
/usr/bin/ld.bfd: GBUFFER.CPP:(.text+0x66d): undefined reference to `AllSurfaces'
/usr/bin/ld.bfd: GBUFFER.CPP:(.text+0x675): undefined reference to `SurfaceMonitorClass::Remove_DD_Surface(IDirectDrawSurface*)'
/usr/bin/ld.bfd: /home/hugh/.paperclip/instances/default/projects/383ed49e-8193-4717-814c-434585b89ce8/65c59b6b-89a8-4b57-8f47-4693ee406ec8/_default/build/first-link-survey-pass-43L/obj/REDALERT/WIN32LIB/GBUFFER.o: in function `GraphicBufferClass::Lock()':
GBUFFER.CPP:(.text+0xae9): undefined reference to `AllSurfaces'
/usr/bin/ld.bfd: GBUFFER.CPP:(.text+0xaf1): undefined reference to `SurfaceMonitorClass::Restore_Surfaces()'
collect2: error: ld returned 1 exit status
